<?xml version="1.0" encoding="UTF-8"?>
<!-- Generated by org.testng.reporters.JUnitReportReporter -->
<testsuite hostname="DESKTOP-FJ2RHO0" failures="0" tests="1" name="MainTest.TestClass" time="32.586" errors="0" timestamp="2024-07-12T18:51:32 IST" skipped="0">
  <testcase classname="MainTest.TestClass" name="FlipkartTest" time="32.586"/>
</testsuite> <!-- MainTest.TestClass -->
